{
  "stats": {
    "suites": 1,
    "tests": 3,
    "passes": 3,
    "pending": 0,
    "failures": 0,
    "start": "2017-06-22T22:06:17.474Z",
    "end": "2017-06-22T22:06:31.183Z",
    "duration": 13709,
    "testsRegistered": 3,
    "passPercent": 100,
    "pendingPercent": 0,
    "other": 0,
    "hasOther": false,
    "skipped": 0,
    "hasSkipped": false,
    "passPercentClass": "success",
    "pendingPercentClass": "danger"
  },
  "suites": {
    "title": "",
    "suites": [
      {
        "title": "library app scenarios",
        "suites": [],
        "tests": [
          {
            "title": "tcase1",
            "fullTitle": "library app scenarios tcase1",
            "timedOut": false,
            "duration": 4950,
            "state": "passed",
            "speed": "slow",
            "pass": true,
            "fail": false,
            "pending": false,
            "code": "var btn = page.requestBtn();\nbtn.opacity.should.eventually.equal('1');",
            "err": {},
            "isRoot": false,
            "uuid": "e836408c-254a-48a9-8c83-a9dc45b59512",
            "parentUUID": "e0258295-c34f-4f02-bdef-16d4e969e98d",
            "isHook": false,
            "skipped": false
          },
          {
            "title": "tcase2 ",
            "fullTitle": "library app scenarios tcase2 ",
            "timedOut": false,
            "duration": 3654,
            "state": "passed",
            "speed": "slow",
            "pass": true,
            "fail": false,
            "pending": false,
            "code": "var btn = page.requestBtn();\t\n btn.state.should.eventually.be.true;",
            "err": {},
            "isRoot": false,
            "uuid": "bdc96aa2-eeb6-4b8c-8149-4e050a27f70c",
            "parentUUID": "e0258295-c34f-4f02-bdef-16d4e969e98d",
            "isHook": false,
            "skipped": false
          },
          {
            "title": "tcase3",
            "fullTitle": "library app scenarios tcase3",
            "timedOut": false,
            "duration": 5058,
            "state": "passed",
            "speed": "slow",
            "pass": true,
            "fail": false,
            "pending": false,
            "code": "var alert= page.alertSuccess();\nalert.should.eventually.contain('Thank you');",
            "err": {},
            "isRoot": false,
            "uuid": "42372343-89ea-408b-b24d-10985ad0619b",
            "parentUUID": "e0258295-c34f-4f02-bdef-16d4e969e98d",
            "isHook": false,
            "skipped": false
          }
        ],
        "pending": [],
        "root": false,
        "_timeout": 70000,
        "file": "\\test\\library_test.js",
        "uuid": "e0258295-c34f-4f02-bdef-16d4e969e98d",
        "beforeHooks": [
          {
            "title": "\"before each\" hook",
            "fullTitle": "library app scenarios \"before each\" hook",
            "timedOut": false,
            "duration": 1,
            "pass": false,
            "fail": false,
            "pending": false,
            "code": "page = new Page();\npage.visit('https://library-app.firebaseapp.com');",
            "err": {},
            "isRoot": false,
            "uuid": "15890aaa-e3eb-4d06-bd75-9905d2a5007f",
            "parentUUID": "e0258295-c34f-4f02-bdef-16d4e969e98d",
            "isHook": true,
            "skipped": false
          }
        ],
        "afterHooks": [
          {
            "title": "\"after each\" hook",
            "fullTitle": "library app scenarios \"after each\" hook",
            "timedOut": false,
            "duration": 1,
            "pass": false,
            "fail": false,
            "pending": false,
            "code": "page.quit();",
            "err": {},
            "isRoot": false,
            "uuid": "c39acaf5-4f50-4086-a72e-c3352ce6a895",
            "parentUUID": "e0258295-c34f-4f02-bdef-16d4e969e98d",
            "isHook": true,
            "skipped": false
          }
        ],
        "fullFile": "C:\\Users\\deepa\\mochachai\\test\\library_test.js",
        "passes": [
          {
            "title": "tcase1",
            "fullTitle": "library app scenarios tcase1",
            "timedOut": false,
            "duration": 4950,
            "state": "passed",
            "speed": "slow",
            "pass": true,
            "fail": false,
            "pending": false,
            "code": "var btn = page.requestBtn();\nbtn.opacity.should.eventually.equal('1');",
            "err": {},
            "isRoot": false,
            "uuid": "e836408c-254a-48a9-8c83-a9dc45b59512",
            "parentUUID": "e0258295-c34f-4f02-bdef-16d4e969e98d",
            "isHook": false,
            "skipped": false
          },
          {
            "title": "tcase2 ",
            "fullTitle": "library app scenarios tcase2 ",
            "timedOut": false,
            "duration": 3654,
            "state": "passed",
            "speed": "slow",
            "pass": true,
            "fail": false,
            "pending": false,
            "code": "var btn = page.requestBtn();\t\n btn.state.should.eventually.be.true;",
            "err": {},
            "isRoot": false,
            "uuid": "bdc96aa2-eeb6-4b8c-8149-4e050a27f70c",
            "parentUUID": "e0258295-c34f-4f02-bdef-16d4e969e98d",
            "isHook": false,
            "skipped": false
          },
          {
            "title": "tcase3",
            "fullTitle": "library app scenarios tcase3",
            "timedOut": false,
            "duration": 5058,
            "state": "passed",
            "speed": "slow",
            "pass": true,
            "fail": false,
            "pending": false,
            "code": "var alert= page.alertSuccess();\nalert.should.eventually.contain('Thank you');",
            "err": {},
            "isRoot": false,
            "uuid": "42372343-89ea-408b-b24d-10985ad0619b",
            "parentUUID": "e0258295-c34f-4f02-bdef-16d4e969e98d",
            "isHook": false,
            "skipped": false
          }
        ],
        "failures": [],
        "skipped": [],
        "hasBeforeHooks": true,
        "hasAfterHooks": true,
        "hasTests": true,
        "hasSuites": false,
        "totalTests": 3,
        "totalPasses": 3,
        "totalFailures": 0,
        "totalPending": 0,
        "totalSkipped": 0,
        "hasPasses": true,
        "hasFailures": false,
        "hasPending": false,
        "hasSkipped": false,
        "duration": 13662,
        "rootEmpty": false
      }
    ],
    "tests": [],
    "pending": [],
    "root": true,
    "_timeout": 2000,
    "uuid": "13efc557-2559-45fc-a3f5-5ed9c971134c",
    "beforeHooks": [],
    "afterHooks": [],
    "fullFile": "",
    "file": "",
    "passes": [],
    "failures": [],
    "skipped": [],
    "hasBeforeHooks": false,
    "hasAfterHooks": false,
    "hasTests": false,
    "hasSuites": true,
    "totalTests": 0,
    "totalPasses": 0,
    "totalFailures": 0,
    "totalPending": 0,
    "totalSkipped": 0,
    "hasPasses": false,
    "hasFailures": false,
    "hasPending": false,
    "hasSkipped": false,
    "duration": 0,
    "rootEmpty": true
  },
  "allTests": [
    {
      "title": "tcase1",
      "fullTitle": "library app scenarios tcase1",
      "timedOut": false,
      "duration": 4950,
      "state": "passed",
      "speed": "slow",
      "pass": true,
      "fail": false,
      "pending": false,
      "code": "var btn = page.requestBtn();\nbtn.opacity.should.eventually.equal('1');",
      "err": {},
      "isRoot": false,
      "uuid": "e836408c-254a-48a9-8c83-a9dc45b59512",
      "parentUUID": "e0258295-c34f-4f02-bdef-16d4e969e98d",
      "isHook": false,
      "skipped": false
    },
    {
      "title": "tcase2 ",
      "fullTitle": "library app scenarios tcase2 ",
      "timedOut": false,
      "duration": 3654,
      "state": "passed",
      "speed": "slow",
      "pass": true,
      "fail": false,
      "pending": false,
      "code": "var btn = page.requestBtn();\t\n btn.state.should.eventually.be.true;",
      "err": {},
      "isRoot": false,
      "uuid": "bdc96aa2-eeb6-4b8c-8149-4e050a27f70c",
      "parentUUID": "e0258295-c34f-4f02-bdef-16d4e969e98d",
      "isHook": false,
      "skipped": false
    },
    {
      "title": "tcase3",
      "fullTitle": "library app scenarios tcase3",
      "timedOut": false,
      "duration": 5058,
      "state": "passed",
      "speed": "slow",
      "pass": true,
      "fail": false,
      "pending": false,
      "code": "var alert= page.alertSuccess();\nalert.should.eventually.contain('Thank you');",
      "err": {},
      "isRoot": false,
      "uuid": "42372343-89ea-408b-b24d-10985ad0619b",
      "parentUUID": "e0258295-c34f-4f02-bdef-16d4e969e98d",
      "isHook": false,
      "skipped": false
    }
  ],
  "allPending": [],
  "allPasses": [
    {
      "title": "tcase1",
      "fullTitle": "library app scenarios tcase1",
      "timedOut": false,
      "duration": 4950,
      "state": "passed",
      "speed": "slow",
      "pass": true,
      "fail": false,
      "pending": false,
      "code": "var btn = page.requestBtn();\nbtn.opacity.should.eventually.equal('1');",
      "err": {},
      "isRoot": false,
      "uuid": "e836408c-254a-48a9-8c83-a9dc45b59512",
      "parentUUID": "e0258295-c34f-4f02-bdef-16d4e969e98d",
      "isHook": false,
      "skipped": false
    },
    {
      "title": "tcase2 ",
      "fullTitle": "library app scenarios tcase2 ",
      "timedOut": false,
      "duration": 3654,
      "state": "passed",
      "speed": "slow",
      "pass": true,
      "fail": false,
      "pending": false,
      "code": "var btn = page.requestBtn();\t\n btn.state.should.eventually.be.true;",
      "err": {},
      "isRoot": false,
      "uuid": "bdc96aa2-eeb6-4b8c-8149-4e050a27f70c",
      "parentUUID": "e0258295-c34f-4f02-bdef-16d4e969e98d",
      "isHook": false,
      "skipped": false
    },
    {
      "title": "tcase3",
      "fullTitle": "library app scenarios tcase3",
      "timedOut": false,
      "duration": 5058,
      "state": "passed",
      "speed": "slow",
      "pass": true,
      "fail": false,
      "pending": false,
      "code": "var alert= page.alertSuccess();\nalert.should.eventually.contain('Thank you');",
      "err": {},
      "isRoot": false,
      "uuid": "42372343-89ea-408b-b24d-10985ad0619b",
      "parentUUID": "e0258295-c34f-4f02-bdef-16d4e969e98d",
      "isHook": false,
      "skipped": false
    }
  ],
  "allFailures": [],
  "copyrightYear": 2017
}