{
  "stats": {
    "suites": 1,
    "tests": 4,
    "passes": 4,
    "pending": 0,
    "failures": 0,
    "start": "2017-06-21T00:48:06.126Z",
    "end": "2017-06-21T00:48:20.800Z",
    "duration": 14674,
    "testsRegistered": 4,
    "passPercent": 100,
    "pendingPercent": 0,
    "other": 0,
    "hasOther": false,
    "skipped": 0,
    "hasSkipped": false,
    "passPercentClass": "success",
    "pendingPercentClass": "danger"
  },
  "suites": {
    "title": "",
    "suites": [
      {
        "title": "library app scenarios",
        "suites": [],
        "tests": [
          {
            "title": "change button color",
            "fullTitle": "library app scenarios change button color",
            "timedOut": false,
            "duration": 4237,
            "state": "passed",
            "speed": "slow",
            "pass": true,
            "fail": false,
            "pending": false,
            "code": "var submitbtn = driver.findElement(By.css('.btn-lg'));\ndriver.findElement(By.css('Input')).sendKeys('user@email.com');\ndriver.wait(function(){\n \t\treturn submitbtn.getCssValue('opacity').then(function(result){\n \t\treturn result === '1';\n \t\t\t});\n\t}, 5000);",
            "err": {},
            "isRoot": false,
            "uuid": "3dfbd53e-d968-4823-abb3-ab2cb6a27c4d",
            "parentUUID": "31b50a05-400d-4ab2-8461-ce29b142c040",
            "isHook": false,
            "skipped": false
          },
          {
            "title": "text2 ",
            "fullTitle": "library app scenarios text2 ",
            "timedOut": false,
            "duration": 4327,
            "state": "passed",
            "speed": "slow",
            "pass": true,
            "fail": false,
            "pending": false,
            "code": "var submitbtn = driver.findElement(By.css('.btn-lg'));\ndriver.findElement(By.css('Input')).sendKeys('user@email.com');\nsubmitbtn.click();\ndriver.wait(until.elementLocated(By.css('.alert-success')),5000).getText().then(function(txt){\nconsole.log(\"text is :\"+txt);\n \t\t});",
            "err": {},
            "isRoot": false,
            "uuid": "84d6fcc1-aa0c-4fdf-934e-15c6e7b1dc05",
            "parentUUID": "31b50a05-400d-4ab2-8461-ce29b142c040",
            "isHook": false,
            "skipped": false
          },
          {
            "title": "test sample",
            "fullTitle": "library app scenarios test sample",
            "timedOut": false,
            "duration": 2871,
            "state": "passed",
            "speed": "slow",
            "pass": true,
            "fail": false,
            "pending": false,
            "code": "console.log(' this is a amaple test')",
            "err": {},
            "isRoot": false,
            "uuid": "385de481-dfa7-4df7-a83c-68d81ada32d5",
            "parentUUID": "31b50a05-400d-4ab2-8461-ce29b142c040",
            "isHook": false,
            "skipped": false
          },
          {
            "title": "text3",
            "fullTitle": "library app scenarios text3",
            "timedOut": false,
            "duration": 3188,
            "state": "passed",
            "speed": "slow",
            "pass": true,
            "fail": false,
            "pending": false,
            "code": "//driver.findElement(By.css('nav li')).then(function(txt){\n //\tconsole.log(txt);\ndriver.findElements(By.css('nav li')).then(function(elements){\n\telements.map(function(el){\n\t\tel.getText().then(function(txt){\n\t\t\tconsole.log(\"elements are:\"+ txt)\n\t\t});\n\t});\n\t \t});",
            "err": {},
            "isRoot": false,
            "uuid": "566b7539-43d0-44b2-b03d-3b9b3e83b625",
            "parentUUID": "31b50a05-400d-4ab2-8461-ce29b142c040",
            "isHook": false,
            "skipped": false
          }
        ],
        "pending": [],
        "root": false,
        "_timeout": 70000,
        "file": "\\test\\library_test.js",
        "uuid": "31b50a05-400d-4ab2-8461-ce29b142c040",
        "beforeHooks": [
          {
            "title": "\"before each\" hook",
            "fullTitle": "library app scenarios \"before each\" hook",
            "timedOut": false,
            "duration": 1,
            "pass": false,
            "fail": false,
            "pending": false,
            "code": "driver = new webdriver.Builder().forBrowser('chrome').build();\n driver.get('https://library-app.firebaseapp.com');",
            "err": {},
            "isRoot": false,
            "uuid": "c17e50e4-24be-44bf-96c6-f34bf7161086",
            "parentUUID": "31b50a05-400d-4ab2-8461-ce29b142c040",
            "isHook": true,
            "skipped": false
          }
        ],
        "afterHooks": [
          {
            "title": "\"after each\" hook",
            "fullTitle": "library app scenarios \"after each\" hook",
            "timedOut": false,
            "duration": 1,
            "pass": false,
            "fail": false,
            "pending": false,
            "code": "driver.quit();",
            "err": {},
            "isRoot": false,
            "uuid": "01bb92a5-667f-4173-83ca-916d1e336487",
            "parentUUID": "31b50a05-400d-4ab2-8461-ce29b142c040",
            "isHook": true,
            "skipped": false
          }
        ],
        "fullFile": "C:\\Users\\deepa\\mochachai\\test\\library_test.js",
        "passes": [
          {
            "title": "change button color",
            "fullTitle": "library app scenarios change button color",
            "timedOut": false,
            "duration": 4237,
            "state": "passed",
            "speed": "slow",
            "pass": true,
            "fail": false,
            "pending": false,
            "code": "var submitbtn = driver.findElement(By.css('.btn-lg'));\ndriver.findElement(By.css('Input')).sendKeys('user@email.com');\ndriver.wait(function(){\n \t\treturn submitbtn.getCssValue('opacity').then(function(result){\n \t\treturn result === '1';\n \t\t\t});\n\t}, 5000);",
            "err": {},
            "isRoot": false,
            "uuid": "3dfbd53e-d968-4823-abb3-ab2cb6a27c4d",
            "parentUUID": "31b50a05-400d-4ab2-8461-ce29b142c040",
            "isHook": false,
            "skipped": false
          },
          {
            "title": "text2 ",
            "fullTitle": "library app scenarios text2 ",
            "timedOut": false,
            "duration": 4327,
            "state": "passed",
            "speed": "slow",
            "pass": true,
            "fail": false,
            "pending": false,
            "code": "var submitbtn = driver.findElement(By.css('.btn-lg'));\ndriver.findElement(By.css('Input')).sendKeys('user@email.com');\nsubmitbtn.click();\ndriver.wait(until.elementLocated(By.css('.alert-success')),5000).getText().then(function(txt){\nconsole.log(\"text is :\"+txt);\n \t\t});",
            "err": {},
            "isRoot": false,
            "uuid": "84d6fcc1-aa0c-4fdf-934e-15c6e7b1dc05",
            "parentUUID": "31b50a05-400d-4ab2-8461-ce29b142c040",
            "isHook": false,
            "skipped": false
          },
          {
            "title": "test sample",
            "fullTitle": "library app scenarios test sample",
            "timedOut": false,
            "duration": 2871,
            "state": "passed",
            "speed": "slow",
            "pass": true,
            "fail": false,
            "pending": false,
            "code": "console.log(' this is a amaple test')",
            "err": {},
            "isRoot": false,
            "uuid": "385de481-dfa7-4df7-a83c-68d81ada32d5",
            "parentUUID": "31b50a05-400d-4ab2-8461-ce29b142c040",
            "isHook": false,
            "skipped": false
          },
          {
            "title": "text3",
            "fullTitle": "library app scenarios text3",
            "timedOut": false,
            "duration": 3188,
            "state": "passed",
            "speed": "slow",
            "pass": true,
            "fail": false,
            "pending": false,
            "code": "//driver.findElement(By.css('nav li')).then(function(txt){\n //\tconsole.log(txt);\ndriver.findElements(By.css('nav li')).then(function(elements){\n\telements.map(function(el){\n\t\tel.getText().then(function(txt){\n\t\t\tconsole.log(\"elements are:\"+ txt)\n\t\t});\n\t});\n\t \t});",
            "err": {},
            "isRoot": false,
            "uuid": "566b7539-43d0-44b2-b03d-3b9b3e83b625",
            "parentUUID": "31b50a05-400d-4ab2-8461-ce29b142c040",
            "isHook": false,
            "skipped": false
          }
        ],
        "failures": [],
        "skipped": [],
        "hasBeforeHooks": true,
        "hasAfterHooks": true,
        "hasTests": true,
        "hasSuites": false,
        "totalTests": 4,
        "totalPasses": 4,
        "totalFailures": 0,
        "totalPending": 0,
        "totalSkipped": 0,
        "hasPasses": true,
        "hasFailures": false,
        "hasPending": false,
        "hasSkipped": false,
        "duration": 14623,
        "rootEmpty": false
      }
    ],
    "tests": [],
    "pending": [],
    "root": true,
    "_timeout": 2000,
    "uuid": "229b783d-3c83-410c-b502-032c962aa3fc",
    "beforeHooks": [],
    "afterHooks": [],
    "fullFile": "",
    "file": "",
    "passes": [],
    "failures": [],
    "skipped": [],
    "hasBeforeHooks": false,
    "hasAfterHooks": false,
    "hasTests": false,
    "hasSuites": true,
    "totalTests": 0,
    "totalPasses": 0,
    "totalFailures": 0,
    "totalPending": 0,
    "totalSkipped": 0,
    "hasPasses": false,
    "hasFailures": false,
    "hasPending": false,
    "hasSkipped": false,
    "duration": 0,
    "rootEmpty": true
  },
  "allTests": [
    {
      "title": "change button color",
      "fullTitle": "library app scenarios change button color",
      "timedOut": false,
      "duration": 4237,
      "state": "passed",
      "speed": "slow",
      "pass": true,
      "fail": false,
      "pending": false,
      "code": "var submitbtn = driver.findElement(By.css('.btn-lg'));\ndriver.findElement(By.css('Input')).sendKeys('user@email.com');\ndriver.wait(function(){\n \t\treturn submitbtn.getCssValue('opacity').then(function(result){\n \t\treturn result === '1';\n \t\t\t});\n\t}, 5000);",
      "err": {},
      "isRoot": false,
      "uuid": "3dfbd53e-d968-4823-abb3-ab2cb6a27c4d",
      "parentUUID": "31b50a05-400d-4ab2-8461-ce29b142c040",
      "isHook": false,
      "skipped": false
    },
    {
      "title": "text2 ",
      "fullTitle": "library app scenarios text2 ",
      "timedOut": false,
      "duration": 4327,
      "state": "passed",
      "speed": "slow",
      "pass": true,
      "fail": false,
      "pending": false,
      "code": "var submitbtn = driver.findElement(By.css('.btn-lg'));\ndriver.findElement(By.css('Input')).sendKeys('user@email.com');\nsubmitbtn.click();\ndriver.wait(until.elementLocated(By.css('.alert-success')),5000).getText().then(function(txt){\nconsole.log(\"text is :\"+txt);\n \t\t});",
      "err": {},
      "isRoot": false,
      "uuid": "84d6fcc1-aa0c-4fdf-934e-15c6e7b1dc05",
      "parentUUID": "31b50a05-400d-4ab2-8461-ce29b142c040",
      "isHook": false,
      "skipped": false
    },
    {
      "title": "test sample",
      "fullTitle": "library app scenarios test sample",
      "timedOut": false,
      "duration": 2871,
      "state": "passed",
      "speed": "slow",
      "pass": true,
      "fail": false,
      "pending": false,
      "code": "console.log(' this is a amaple test')",
      "err": {},
      "isRoot": false,
      "uuid": "385de481-dfa7-4df7-a83c-68d81ada32d5",
      "parentUUID": "31b50a05-400d-4ab2-8461-ce29b142c040",
      "isHook": false,
      "skipped": false
    },
    {
      "title": "text3",
      "fullTitle": "library app scenarios text3",
      "timedOut": false,
      "duration": 3188,
      "state": "passed",
      "speed": "slow",
      "pass": true,
      "fail": false,
      "pending": false,
      "code": "//driver.findElement(By.css('nav li')).then(function(txt){\n //\tconsole.log(txt);\ndriver.findElements(By.css('nav li')).then(function(elements){\n\telements.map(function(el){\n\t\tel.getText().then(function(txt){\n\t\t\tconsole.log(\"elements are:\"+ txt)\n\t\t});\n\t});\n\t \t});",
      "err": {},
      "isRoot": false,
      "uuid": "566b7539-43d0-44b2-b03d-3b9b3e83b625",
      "parentUUID": "31b50a05-400d-4ab2-8461-ce29b142c040",
      "isHook": false,
      "skipped": false
    }
  ],
  "allPending": [],
  "allPasses": [
    {
      "title": "change button color",
      "fullTitle": "library app scenarios change button color",
      "timedOut": false,
      "duration": 4237,
      "state": "passed",
      "speed": "slow",
      "pass": true,
      "fail": false,
      "pending": false,
      "code": "var submitbtn = driver.findElement(By.css('.btn-lg'));\ndriver.findElement(By.css('Input')).sendKeys('user@email.com');\ndriver.wait(function(){\n \t\treturn submitbtn.getCssValue('opacity').then(function(result){\n \t\treturn result === '1';\n \t\t\t});\n\t}, 5000);",
      "err": {},
      "isRoot": false,
      "uuid": "3dfbd53e-d968-4823-abb3-ab2cb6a27c4d",
      "parentUUID": "31b50a05-400d-4ab2-8461-ce29b142c040",
      "isHook": false,
      "skipped": false
    },
    {
      "title": "text2 ",
      "fullTitle": "library app scenarios text2 ",
      "timedOut": false,
      "duration": 4327,
      "state": "passed",
      "speed": "slow",
      "pass": true,
      "fail": false,
      "pending": false,
      "code": "var submitbtn = driver.findElement(By.css('.btn-lg'));\ndriver.findElement(By.css('Input')).sendKeys('user@email.com');\nsubmitbtn.click();\ndriver.wait(until.elementLocated(By.css('.alert-success')),5000).getText().then(function(txt){\nconsole.log(\"text is :\"+txt);\n \t\t});",
      "err": {},
      "isRoot": false,
      "uuid": "84d6fcc1-aa0c-4fdf-934e-15c6e7b1dc05",
      "parentUUID": "31b50a05-400d-4ab2-8461-ce29b142c040",
      "isHook": false,
      "skipped": false
    },
    {
      "title": "test sample",
      "fullTitle": "library app scenarios test sample",
      "timedOut": false,
      "duration": 2871,
      "state": "passed",
      "speed": "slow",
      "pass": true,
      "fail": false,
      "pending": false,
      "code": "console.log(' this is a amaple test')",
      "err": {},
      "isRoot": false,
      "uuid": "385de481-dfa7-4df7-a83c-68d81ada32d5",
      "parentUUID": "31b50a05-400d-4ab2-8461-ce29b142c040",
      "isHook": false,
      "skipped": false
    },
    {
      "title": "text3",
      "fullTitle": "library app scenarios text3",
      "timedOut": false,
      "duration": 3188,
      "state": "passed",
      "speed": "slow",
      "pass": true,
      "fail": false,
      "pending": false,
      "code": "//driver.findElement(By.css('nav li')).then(function(txt){\n //\tconsole.log(txt);\ndriver.findElements(By.css('nav li')).then(function(elements){\n\telements.map(function(el){\n\t\tel.getText().then(function(txt){\n\t\t\tconsole.log(\"elements are:\"+ txt)\n\t\t});\n\t});\n\t \t});",
      "err": {},
      "isRoot": false,
      "uuid": "566b7539-43d0-44b2-b03d-3b9b3e83b625",
      "parentUUID": "31b50a05-400d-4ab2-8461-ce29b142c040",
      "isHook": false,
      "skipped": false
    }
  ],
  "allFailures": [],
  "copyrightYear": 2017
}